<?xml version="1.0" encoding="UTF-8"?>
<coverage generated="1735200920641" clover="3.2.0">
  <project timestamp="1735200920641" name="All files">
    <metrics statements="85" coveredstatements="78" conditionals="44" coveredconditionals="29" methods="22" coveredmethods="22" elements="151" coveredelements="129" complexity="0" loc="85" ncloc="85" packages="2" files="2" classes="2"/>
    <package name="plugin">
      <metrics statements="34" coveredstatements="32" conditionals="19" coveredconditionals="13" methods="7" coveredmethods="7"/>
      <file name="index.ts" path="/home/dev/office/boilerplates/tailwind-theming/lib/plugin/index.ts">
        <metrics statements="34" coveredstatements="32" conditionals="19" coveredconditionals="13" methods="7" coveredmethods="7"/>
        <line num="1" count="1" type="stmt"/>
        <line num="4" count="1" type="stmt"/>
        <line num="5" count="1" type="stmt"/>
        <line num="12" count="1" type="stmt"/>
        <line num="13" count="3" type="stmt"/>
        <line num="14" count="7" type="cond" truecount="2" falsecount="0"/>
        <line num="15" count="7" type="cond" truecount="2" falsecount="0"/>
        <line num="16" count="7" type="cond" truecount="3" falsecount="1"/>
        <line num="18" count="7" type="cond" truecount="1" falsecount="0"/>
        <line num="19" count="7" type="stmt"/>
        <line num="21" count="11" type="stmt"/>
        <line num="25" count="7" type="cond" truecount="0" falsecount="1"/>
        <line num="26" count="0" type="stmt"/>
        <line num="36" count="1" type="stmt"/>
        <line num="37" count="3" type="stmt"/>
        <line num="38" count="3" type="stmt"/>
        <line num="39" count="7" type="cond" truecount="3" falsecount="3"/>
        <line num="40" count="7" type="cond" truecount="1" falsecount="0"/>
        <line num="41" count="7" type="stmt"/>
        <line num="45" count="7" type="cond" truecount="0" falsecount="1"/>
        <line num="46" count="0" type="stmt"/>
        <line num="55" count="1" type="stmt"/>
        <line num="56" count="1" type="stmt"/>
        <line num="57" count="1" type="stmt"/>
        <line num="60" count="1" type="stmt"/>
        <line num="61" count="5" type="stmt"/>
        <line num="62" count="3" type="stmt"/>
        <line num="63" count="3" type="stmt"/>
        <line num="64" count="3" type="stmt"/>
        <line num="65" count="3" type="cond" truecount="1" falsecount="0"/>
        <line num="66" count="1" type="stmt"/>
        <line num="70" count="5" type="stmt"/>
        <line num="71" count="5" type="stmt"/>
        <line num="79" count="1" type="stmt"/>
      </file>
    </package>
    <package name="theme">
      <metrics statements="51" coveredstatements="46" conditionals="25" coveredconditionals="16" methods="15" coveredmethods="15"/>
      <file name="index.ts" path="/home/dev/office/boilerplates/tailwind-theming/lib/theme/index.ts">
        <metrics statements="51" coveredstatements="46" conditionals="25" coveredconditionals="16" methods="15" coveredmethods="15"/>
        <line num="12" count="12" type="stmt"/>
        <line num="13" count="12" type="stmt"/>
        <line num="16" count="12" type="cond" truecount="1" falsecount="0"/>
        <line num="17" count="1" type="stmt"/>
        <line num="20" count="11" type="stmt"/>
        <line num="22" count="11" type="stmt"/>
        <line num="24" count="19" type="cond" truecount="0" falsecount="1"/>
        <line num="25" count="0" type="stmt"/>
        <line num="28" count="19" type="stmt"/>
        <line num="32" count="19" type="stmt"/>
        <line num="33" count="19" type="stmt"/>
        <line num="34" count="19" type="stmt"/>
        <line num="39" count="11" type="cond" truecount="1" falsecount="1"/>
        <line num="41" count="11" type="cond" truecount="0" falsecount="1"/>
        <line num="42" count="0" type="stmt"/>
        <line num="45" count="11" type="cond" truecount="1" falsecount="1"/>
        <line num="47" count="11" type="stmt"/>
        <line num="48" count="19" type="stmt"/>
        <line num="49" count="8" type="stmt"/>
        <line num="55" count="11" type="stmt"/>
        <line num="68" count="5" type="cond" truecount="2" falsecount="0"/>
        <line num="69" count="5" type="stmt"/>
        <line num="70" count="5" type="cond" truecount="3" falsecount="0"/>
        <line num="79" count="4" type="stmt"/>
        <line num="88" count="2" type="stmt"/>
        <line num="89" count="2" type="cond" truecount="1" falsecount="1"/>
        <line num="90" count="2" type="stmt"/>
        <line num="91" count="1" type="stmt"/>
        <line num="93" count="2" type="stmt"/>
        <line num="102" count="2" type="cond" truecount="0" falsecount="1"/>
        <line num="103" count="0" type="stmt"/>
        <line num="105" count="2" type="stmt"/>
        <line num="106" count="2" type="cond" truecount="1" falsecount="0"/>
        <line num="107" count="1" type="stmt"/>
        <line num="109" count="1" type="stmt"/>
        <line num="114" count="1" type="stmt"/>
        <line num="124" count="3" type="cond" truecount="0" falsecount="1"/>
        <line num="125" count="0" type="stmt"/>
        <line num="127" count="3" type="stmt"/>
        <line num="128" count="3" type="cond" truecount="1" falsecount="0"/>
        <line num="129" count="2" type="stmt"/>
        <line num="132" count="1" type="cond" truecount="1" falsecount="1"/>
        <line num="133" count="0" type="stmt"/>
        <line num="141" count="1" type="stmt"/>
        <line num="142" count="1" type="cond" truecount="1" falsecount="0"/>
        <line num="143" count="1" type="stmt"/>
        <line num="158" count="3" type="stmt"/>
        <line num="159" count="3" type="cond" truecount="3" falsecount="0"/>
        <line num="160" count="2" type="stmt"/>
        <line num="162" count="1" type="stmt"/>
        <line num="166" count="1" type="stmt"/>
      </file>
    </package>
  </project>
</coverage>
