{"/home/dev/office/boilerplates/tailwind-theming/lib/plugin/index.ts": {"path":"/home/dev/office/boilerplates/tailwind-theming/lib/plugin/index.ts","statementMap":{"0":{"start":{"line":1,"column":0},"end":{"line":1,"column":44}},"1":{"start":{"line":4,"column":0},"end":{"line":4,"column":73}},"2":{"start":{"line":5,"column":0},"end":{"line":5,"column":121}},"3":{"start":{"line":12,"column":25},"end":{"line":29,"column":1}},"4":{"start":{"line":13,"column":2},"end":{"line":28,"column":3}},"5":{"start":{"line":14,"column":24},"end":{"line":14,"column":73}},"6":{"start":{"line":15,"column":38},"end":{"line":15,"column":64}},"7":{"start":{"line":16,"column":22},"end":{"line":16,"column":93}},"8":{"start":{"line":18,"column":4},"end":{"line":23,"column":5}},"9":{"start":{"line":19,"column":6},"end":{"line":22,"column":null}},"10":{"start":{"line":21,"column":33},"end":{"line":21,"column":52}},"11":{"start":{"line":25,"column":4},"end":{"line":27,"column":5}},"12":{"start":{"line":26,"column":6},"end":{"line":26,"column":null}},"13":{"start":{"line":36,"column":23},"end":{"line":53,"column":1}},"14":{"start":{"line":37,"column":25},"end":{"line":37,"column":28}},"15":{"start":{"line":38,"column":2},"end":{"line":52,"column":3}},"16":{"start":{"line":39,"column":22},"end":{"line":39,"column":111}},"17":{"start":{"line":40,"column":4},"end":{"line":44,"column":5}},"18":{"start":{"line":41,"column":6},"end":{"line":43,"column":null}},"19":{"start":{"line":45,"column":4},"end":{"line":51,"column":5}},"20":{"start":{"line":46,"column":6},"end":{"line":50,"column":null}},"21":{"start":{"line":55,"column":26},"end":{"line":58,"column":1}},"22":{"start":{"line":56,"column":27},"end":{"line":56,"column":43}},"23":{"start":{"line":57,"column":2},"end":{"line":57,"column":null}},"24":{"start":{"line":60,"column":20},"end":{"line":76,"column":null}},"25":{"start":{"line":61,"column":49},"end":{"line":68,"column":3}},"26":{"start":{"line":62,"column":19},"end":{"line":62,"column":48}},"27":{"start":{"line":63,"column":4},"end":{"line":63,"column":null}},"28":{"start":{"line":64,"column":4},"end":{"line":64,"column":null}},"29":{"start":{"line":65,"column":4},"end":{"line":67,"column":5}},"30":{"start":{"line":66,"column":6},"end":{"line":66,"column":null}},"31":{"start":{"line":70,"column":22},"end":{"line":70,"column":94}},"32":{"start":{"line":71,"column":4},"end":{"line":75,"column":null}},"33":{"start":{"line":79,"column":9},"end":{"line":79,"column":20}}},"fnMap":{"0":{"name":"(anonymous_6)","decl":{"start":{"line":12,"column":25},"end":{"line":12,"column":26}},"loc":{"start":{"line":12,"column":81},"end":{"line":29,"column":1}}},"1":{"name":"(anonymous_7)","decl":{"start":{"line":21,"column":26},"end":{"line":21,"column":27}},"loc":{"start":{"line":21,"column":33},"end":{"line":21,"column":52}}},"2":{"name":"(anonymous_8)","decl":{"start":{"line":36,"column":23},"end":{"line":36,"column":24}},"loc":{"start":{"line":36,"column":71},"end":{"line":53,"column":1}}},"3":{"name":"(anonymous_9)","decl":{"start":{"line":55,"column":26},"end":{"line":55,"column":27}},"loc":{"start":{"line":55,"column":77},"end":{"line":58,"column":1}}},"4":{"name":"(anonymous_10)","decl":{"start":{"line":61,"column":2},"end":{"line":61,"column":3}},"loc":{"start":{"line":61,"column":49},"end":{"line":68,"column":3}}},"5":{"name":"(anonymous_11)","decl":{"start":{"line":61,"column":49},"end":{"line":61,"column":50}},"loc":{"start":{"line":61,"column":68},"end":{"line":68,"column":3}}},"6":{"name":"(anonymous_12)","decl":{"start":{"line":69,"column":2},"end":{"line":69,"column":3}},"loc":{"start":{"line":69,"column":48},"end":{"line":76,"column":3}}}},"branchMap":{"0":{"loc":{"start":{"line":14,"column":24},"end":{"line":14,"column":73}},"type":"cond-expr","locations":[{"start":{"line":14,"column":52},"end":{"line":14,"column":66}},{"start":{"line":14,"column":69},"end":{"line":14,"column":73}}]},"1":{"loc":{"start":{"line":15,"column":38},"end":{"line":15,"column":64}},"type":"binary-expr","locations":[{"start":{"line":15,"column":38},"end":{"line":15,"column":49}},{"start":{"line":15,"column":53},"end":{"line":15,"column":64}}]},"2":{"loc":{"start":{"line":16,"column":22},"end":{"line":16,"column":93}},"type":"binary-expr","locations":[{"start":{"line":16,"column":22},"end":{"line":16,"column":32}},{"start":{"line":16,"column":37},"end":{"line":16,"column":92}}]},"3":{"loc":{"start":{"line":16,"column":37},"end":{"line":16,"column":92}},"type":"cond-expr","locations":[{"start":{"line":16,"column":65},"end":{"line":16,"column":87}},{"start":{"line":16,"column":90},"end":{"line":16,"column":92}}]},"4":{"loc":{"start":{"line":18,"column":4},"end":{"line":23,"column":5}},"type":"if","locations":[{"start":{"line":18,"column":4},"end":{"line":23,"column":5}}]},"5":{"loc":{"start":{"line":25,"column":4},"end":{"line":27,"column":5}},"type":"if","locations":[{"start":{"line":25,"column":4},"end":{"line":27,"column":5}}]},"6":{"loc":{"start":{"line":39,"column":22},"end":{"line":39,"column":111}},"type":"binary-expr","locations":[{"start":{"line":39,"column":22},"end":{"line":39,"column":32}},{"start":{"line":39,"column":37},"end":{"line":39,"column":110}}]},"7":{"loc":{"start":{"line":39,"column":37},"end":{"line":39,"column":110}},"type":"cond-expr","locations":[{"start":{"line":39,"column":65},"end":{"line":39,"column":74}},{"start":{"line":39,"column":77},"end":{"line":39,"column":110}}]},"8":{"loc":{"start":{"line":39,"column":77},"end":{"line":39,"column":110}},"type":"cond-expr","locations":[{"start":{"line":39,"column":90},"end":{"line":39,"column":92}},{"start":{"line":39,"column":95},"end":{"line":39,"column":110}}]},"9":{"loc":{"start":{"line":40,"column":4},"end":{"line":44,"column":5}},"type":"if","locations":[{"start":{"line":40,"column":4},"end":{"line":44,"column":5}}]},"10":{"loc":{"start":{"line":45,"column":4},"end":{"line":51,"column":5}},"type":"if","locations":[{"start":{"line":45,"column":4},"end":{"line":51,"column":5}}]},"11":{"loc":{"start":{"line":65,"column":4},"end":{"line":67,"column":5}},"type":"if","locations":[{"start":{"line":65,"column":4},"end":{"line":67,"column":5}}]}},"s":{"0":1,"1":1,"2":1,"3":1,"4":3,"5":7,"6":7,"7":7,"8":7,"9":7,"10":11,"11":7,"12":0,"13":1,"14":3,"15":3,"16":7,"17":7,"18":7,"19":7,"20":0,"21":1,"22":1,"23":1,"24":1,"25":5,"26":3,"27":3,"28":3,"29":3,"30":1,"31":5,"32":5,"33":1},"f":{"0":3,"1":11,"2":3,"3":1,"4":5,"5":3,"6":5},"b":{"0":[3,4],"1":[7,3],"2":[7,3],"3":[3,0],"4":[7],"5":[0],"6":[7,3],"7":[3,0],"8":[0,0],"9":[7],"10":[0],"11":[1]}}
,"/home/dev/office/boilerplates/tailwind-theming/lib/theme/index.ts": {"path":"/home/dev/office/boilerplates/tailwind-theming/lib/theme/index.ts","statementMap":{"0":{"start":{"line":12,"column":10},"end":{"line":12,"column":null}},"1":{"start":{"line":13,"column":10},"end":{"line":13,"column":null}},"2":{"start":{"line":16,"column":4},"end":{"line":18,"column":5}},"3":{"start":{"line":17,"column":6},"end":{"line":17,"column":null}},"4":{"start":{"line":20,"column":72},"end":{"line":20,"column":74}},"5":{"start":{"line":22,"column":4},"end":{"line":37,"column":null}},"6":{"start":{"line":24,"column":8},"end":{"line":26,"column":9}},"7":{"start":{"line":25,"column":10},"end":{"line":25,"column":null}},"8":{"start":{"line":28,"column":29},"end":{"line":31,"column":null}},"9":{"start":{"line":32,"column":8},"end":{"line":32,"column":null}},"10":{"start":{"line":33,"column":8},"end":{"line":33,"column":null}},"11":{"start":{"line":34,"column":8},"end":{"line":34,"column":null}},"12":{"start":{"line":39,"column":4},"end":{"line":39,"column":null}},"13":{"start":{"line":41,"column":4},"end":{"line":43,"column":5}},"14":{"start":{"line":42,"column":6},"end":{"line":42,"column":null}},"15":{"start":{"line":45,"column":31},"end":{"line":45,"column":107}},"16":{"start":{"line":45,"column":60},"end":{"line":45,"column":87}},"17":{"start":{"line":47,"column":28},"end":{"line":53,"column":9}},"18":{"start":{"line":48,"column":25},"end":{"line":48,"column":52}},"19":{"start":{"line":49,"column":23},"end":{"line":53,"column":8}},"20":{"start":{"line":55,"column":4},"end":{"line":59,"column":null}},"21":{"start":{"line":68,"column":25},"end":{"line":68,"column":82}},"22":{"start":{"line":69,"column":24},"end":{"line":69,"column":80}},"23":{"start":{"line":69,"column":59},"end":{"line":69,"column":79}},"24":{"start":{"line":70,"column":4},"end":{"line":70,"column":null}},"25":{"start":{"line":79,"column":4},"end":{"line":79,"column":null}},"26":{"start":{"line":88,"column":84},"end":{"line":88,"column":86}},"27":{"start":{"line":89,"column":4},"end":{"line":89,"column":null}},"28":{"start":{"line":90,"column":4},"end":{"line":92,"column":null}},"29":{"start":{"line":91,"column":6},"end":{"line":91,"column":null}},"30":{"start":{"line":93,"column":4},"end":{"line":93,"column":null}},"31":{"start":{"line":102,"column":4},"end":{"line":104,"column":5}},"32":{"start":{"line":103,"column":6},"end":{"line":103,"column":null}},"33":{"start":{"line":105,"column":17},"end":{"line":105,"column":38}},"34":{"start":{"line":106,"column":4},"end":{"line":108,"column":5}},"35":{"start":{"line":107,"column":6},"end":{"line":107,"column":null}},"36":{"start":{"line":109,"column":34},"end":{"line":113,"column":null}},"37":{"start":{"line":114,"column":4},"end":{"line":114,"column":null}},"38":{"start":{"line":124,"column":4},"end":{"line":126,"column":5}},"39":{"start":{"line":125,"column":6},"end":{"line":125,"column":null}},"40":{"start":{"line":127,"column":17},"end":{"line":127,"column":37}},"41":{"start":{"line":128,"column":4},"end":{"line":130,"column":5}},"42":{"start":{"line":129,"column":6},"end":{"line":129,"column":null}},"43":{"start":{"line":132,"column":4},"end":{"line":149,"column":5}},"44":{"start":{"line":133,"column":6},"end":{"line":139,"column":null}},"45":{"start":{"line":141,"column":6},"end":{"line":148,"column":null}},"46":{"start":{"line":142,"column":8},"end":{"line":147,"column":9}},"47":{"start":{"line":143,"column":10},"end":{"line":146,"column":null}},"48":{"start":{"line":158,"column":18},"end":{"line":158,"column":76}},"49":{"start":{"line":158,"column":55},"end":{"line":158,"column":75}},"50":{"start":{"line":159,"column":4},"end":{"line":161,"column":5}},"51":{"start":{"line":160,"column":6},"end":{"line":160,"column":null}},"52":{"start":{"line":162,"column":4},"end":{"line":162,"column":null}},"53":{"start":{"line":166,"column":9},"end":{"line":166,"column":21}}},"fnMap":{"0":{"name":"(anonymous_0)","decl":{"start":{"line":15,"column":2},"end":{"line":15,"column":14}},"loc":{"start":{"line":15,"column":72},"end":{"line":60,"column":3}}},"1":{"name":"(anonymous_1)","decl":{"start":{"line":23,"column":6},"end":{"line":23,"column":7}},"loc":{"start":{"line":23,"column":28},"end":{"line":35,"column":7}}},"2":{"name":"(anonymous_2)","decl":{"start":{"line":45,"column":49},"end":{"line":45,"column":50}},"loc":{"start":{"line":45,"column":60},"end":{"line":45,"column":87}}},"3":{"name":"(anonymous_3)","decl":{"start":{"line":48,"column":14},"end":{"line":48,"column":15}},"loc":{"start":{"line":48,"column":25},"end":{"line":48,"column":52}}},"4":{"name":"(anonymous_4)","decl":{"start":{"line":49,"column":11},"end":{"line":49,"column":12}},"loc":{"start":{"line":49,"column":23},"end":{"line":53,"column":8}}},"5":{"name":"(anonymous_5)","decl":{"start":{"line":67,"column":10},"end":{"line":67,"column":14}},"loc":{"start":{"line":67,"column":42},"end":{"line":71,"column":3}}},"6":{"name":"(anonymous_6)","decl":{"start":{"line":69,"column":52},"end":{"line":69,"column":53}},"loc":{"start":{"line":69,"column":59},"end":{"line":69,"column":79}}},"7":{"name":"(anonymous_7)","decl":{"start":{"line":78,"column":9},"end":{"line":78,"column":12}},"loc":{"start":{"line":78,"column":12},"end":{"line":80,"column":3}}},"8":{"name":"(anonymous_8)","decl":{"start":{"line":87,"column":9},"end":{"line":87,"column":26}},"loc":{"start":{"line":87,"column":26},"end":{"line":94,"column":3}}},"9":{"name":"(anonymous_9)","decl":{"start":{"line":90,"column":32},"end":{"line":90,"column":33}},"loc":{"start":{"line":90,"column":42},"end":{"line":92,"column":5}}},"10":{"name":"(anonymous_10)","decl":{"start":{"line":101,"column":9},"end":{"line":101,"column":12}},"loc":{"start":{"line":101,"column":32},"end":{"line":115,"column":3}}},"11":{"name":"(anonymous_11)","decl":{"start":{"line":123,"column":9},"end":{"line":123,"column":15}},"loc":{"start":{"line":123,"column":73},"end":{"line":150,"column":3}}},"12":{"name":"(anonymous_12)","decl":{"start":{"line":141,"column":34},"end":{"line":141,"column":35}},"loc":{"start":{"line":141,"column":40},"end":{"line":148,"column":7}}},"13":{"name":"(anonymous_13)","decl":{"start":{"line":157,"column":9},"end":{"line":157,"column":15}},"loc":{"start":{"line":157,"column":43},"end":{"line":163,"column":3}}},"14":{"name":"(anonymous_14)","decl":{"start":{"line":158,"column":48},"end":{"line":158,"column":49}},"loc":{"start":{"line":158,"column":55},"end":{"line":158,"column":75}}}},"branchMap":{"0":{"loc":{"start":{"line":15,"column":16},"end":{"line":15,"column":27}},"type":"default-arg","locations":[{"start":{"line":15,"column":25},"end":{"line":15,"column":27}}]},"1":{"loc":{"start":{"line":16,"column":4},"end":{"line":18,"column":5}},"type":"if","locations":[{"start":{"line":16,"column":4},"end":{"line":18,"column":5}}]},"2":{"loc":{"start":{"line":24,"column":8},"end":{"line":26,"column":9}},"type":"if","locations":[{"start":{"line":24,"column":8},"end":{"line":26,"column":9}}]},"3":{"loc":{"start":{"line":39,"column":19},"end":{"line":39,"column":70}},"type":"cond-expr","locations":[{"start":{"line":39,"column":34},"end":{"line":39,"column":46}},{"start":{"line":39,"column":49},"end":{"line":39,"column":70}}]},"4":{"loc":{"start":{"line":41,"column":4},"end":{"line":43,"column":5}},"type":"if","locations":[{"start":{"line":41,"column":4},"end":{"line":43,"column":5}}]},"5":{"loc":{"start":{"line":45,"column":31},"end":{"line":45,"column":107}},"type":"binary-expr","locations":[{"start":{"line":45,"column":31},"end":{"line":45,"column":88}},{"start":{"line":45,"column":92},"end":{"line":45,"column":107}}]},"6":{"loc":{"start":{"line":68,"column":25},"end":{"line":68,"column":82}},"type":"binary-expr","locations":[{"start":{"line":68,"column":25},"end":{"line":68,"column":51}},{"start":{"line":68,"column":55},"end":{"line":68,"column":82}}]},"7":{"loc":{"start":{"line":70,"column":11},"end":{"line":70,"column":46}},"type":"binary-expr","locations":[{"start":{"line":70,"column":11},"end":{"line":70,"column":23}},{"start":{"line":70,"column":27},"end":{"line":70,"column":38}},{"start":{"line":70,"column":42},"end":{"line":70,"column":46}}]},"8":{"loc":{"start":{"line":89,"column":41},"end":{"line":89,"column":59}},"type":"binary-expr","locations":[{"start":{"line":89,"column":41},"end":{"line":89,"column":53}},{"start":{"line":89,"column":57},"end":{"line":89,"column":59}}]},"9":{"loc":{"start":{"line":102,"column":4},"end":{"line":104,"column":5}},"type":"if","locations":[{"start":{"line":102,"column":4},"end":{"line":104,"column":5}}]},"10":{"loc":{"start":{"line":106,"column":4},"end":{"line":108,"column":5}},"type":"if","locations":[{"start":{"line":106,"column":4},"end":{"line":108,"column":5}}]},"11":{"loc":{"start":{"line":124,"column":4},"end":{"line":126,"column":5}},"type":"if","locations":[{"start":{"line":124,"column":4},"end":{"line":126,"column":5}}]},"12":{"loc":{"start":{"line":128,"column":4},"end":{"line":130,"column":5}},"type":"if","locations":[{"start":{"line":128,"column":4},"end":{"line":130,"column":5}}]},"13":{"loc":{"start":{"line":132,"column":4},"end":{"line":149,"column":5}},"type":"if","locations":[{"start":{"line":132,"column":4},"end":{"line":149,"column":5}},{"start":{"line":140,"column":11},"end":{"line":149,"column":5}}]},"14":{"loc":{"start":{"line":142,"column":8},"end":{"line":147,"column":9}},"type":"if","locations":[{"start":{"line":142,"column":8},"end":{"line":147,"column":9}}]},"15":{"loc":{"start":{"line":159,"column":4},"end":{"line":161,"column":5}},"type":"if","locations":[{"start":{"line":159,"column":4},"end":{"line":161,"column":5}}]},"16":{"loc":{"start":{"line":159,"column":8},"end":{"line":159,"column":43}},"type":"binary-expr","locations":[{"start":{"line":159,"column":8},"end":{"line":159,"column":27}},{"start":{"line":159,"column":31},"end":{"line":159,"column":43}}]}},"s":{"0":12,"1":12,"2":12,"3":1,"4":11,"5":11,"6":19,"7":0,"8":19,"9":19,"10":19,"11":19,"12":11,"13":11,"14":0,"15":11,"16":11,"17":11,"18":19,"19":8,"20":11,"21":5,"22":5,"23":4,"24":5,"25":4,"26":2,"27":2,"28":2,"29":1,"30":2,"31":2,"32":0,"33":2,"34":2,"35":1,"36":1,"37":1,"38":3,"39":0,"40":3,"41":3,"42":2,"43":1,"44":0,"45":1,"46":1,"47":1,"48":3,"49":2,"50":3,"51":2,"52":1,"53":1},"f":{"0":12,"1":19,"2":11,"3":19,"4":8,"5":5,"6":4,"7":4,"8":2,"9":1,"10":2,"11":3,"12":1,"13":3,"14":2},"b":{"0":[0],"1":[1],"2":[0],"3":[11,0],"4":[0],"5":[11,0],"6":[5,1],"7":[5,4,3],"8":[2,0],"9":[0],"10":[1],"11":[0],"12":[2],"13":[0,1],"14":[1],"15":[2],"16":[3,3]}}
}
