TN:
SF:lib/plugin/index.ts
FN:12,(anonymous_6)
FN:21,(anonymous_7)
FN:36,(anonymous_8)
FN:55,(anonymous_9)
FN:61,(anonymous_10)
FN:61,(anonymous_11)
FN:69,(anonymous_12)
FNF:7
FNH:7
FNDA:3,(anonymous_6)
FNDA:11,(anonymous_7)
FNDA:3,(anonymous_8)
FNDA:1,(anonymous_9)
FNDA:5,(anonymous_10)
FNDA:3,(anonymous_11)
FNDA:5,(anonymous_12)
DA:1,1
DA:4,1
DA:5,1
DA:12,1
DA:13,3
DA:14,7
DA:15,7
DA:16,7
DA:18,7
DA:19,7
DA:21,11
DA:25,7
DA:26,0
DA:36,1
DA:37,3
DA:38,3
DA:39,7
DA:40,7
DA:41,7
DA:45,7
DA:46,0
DA:55,1
DA:56,1
DA:57,1
DA:60,1
DA:61,5
DA:62,3
DA:63,3
DA:64,3
DA:65,3
DA:66,1
DA:70,5
DA:71,5
DA:79,1
LF:34
LH:32
BRDA:14,0,0,3
BRDA:14,0,1,4
BRDA:15,1,0,7
BRDA:15,1,1,3
BRDA:16,2,0,7
BRDA:16,2,1,3
BRDA:16,3,0,3
BRDA:16,3,1,0
BRDA:18,4,0,7
BRDA:25,5,0,0
BRDA:39,6,0,7
BRDA:39,6,1,3
BRDA:39,7,0,3
BRDA:39,7,1,0
BRDA:39,8,0,0
BRDA:39,8,1,0
BRDA:40,9,0,7
BRDA:45,10,0,0
BRDA:65,11,0,1
BRF:19
BRH:13
end_of_record
TN:
SF:lib/theme/index.ts
FN:15,(anonymous_0)
FN:23,(anonymous_1)
FN:45,(anonymous_2)
FN:48,(anonymous_3)
FN:49,(anonymous_4)
FN:67,(anonymous_5)
FN:69,(anonymous_6)
FN:78,(anonymous_7)
FN:87,(anonymous_8)
FN:90,(anonymous_9)
FN:101,(anonymous_10)
FN:123,(anonymous_11)
FN:141,(anonymous_12)
FN:157,(anonymous_13)
FN:158,(anonymous_14)
FNF:15
FNH:15
FNDA:12,(anonymous_0)
FNDA:19,(anonymous_1)
FNDA:11,(anonymous_2)
FNDA:19,(anonymous_3)
FNDA:8,(anonymous_4)
FNDA:5,(anonymous_5)
FNDA:4,(anonymous_6)
FNDA:4,(anonymous_7)
FNDA:2,(anonymous_8)
FNDA:1,(anonymous_9)
FNDA:2,(anonymous_10)
FNDA:3,(anonymous_11)
FNDA:1,(anonymous_12)
FNDA:3,(anonymous_13)
FNDA:2,(anonymous_14)
DA:12,12
DA:13,12
DA:16,12
DA:17,1
DA:20,11
DA:22,11
DA:24,19
DA:25,0
DA:28,19
DA:32,19
DA:33,19
DA:34,19
DA:39,11
DA:41,11
DA:42,0
DA:45,11
DA:47,11
DA:48,19
DA:49,8
DA:55,11
DA:68,5
DA:69,5
DA:70,5
DA:79,4
DA:88,2
DA:89,2
DA:90,2
DA:91,1
DA:93,2
DA:102,2
DA:103,0
DA:105,2
DA:106,2
DA:107,1
DA:109,1
DA:114,1
DA:124,3
DA:125,0
DA:127,3
DA:128,3
DA:129,2
DA:132,1
DA:133,0
DA:141,1
DA:142,1
DA:143,1
DA:158,3
DA:159,3
DA:160,2
DA:162,1
DA:166,1
LF:51
LH:46
BRDA:15,0,0,0
BRDA:16,1,0,1
BRDA:24,2,0,0
BRDA:39,3,0,11
BRDA:39,3,1,0
BRDA:41,4,0,0
BRDA:45,5,0,11
BRDA:45,5,1,0
BRDA:68,6,0,5
BRDA:68,6,1,1
BRDA:70,7,0,5
BRDA:70,7,1,4
BRDA:70,7,2,3
BRDA:89,8,0,2
BRDA:89,8,1,0
BRDA:102,9,0,0
BRDA:106,10,0,1
BRDA:124,11,0,0
BRDA:128,12,0,2
BRDA:132,13,0,0
BRDA:132,13,1,1
BRDA:142,14,0,1
BRDA:159,15,0,2
BRDA:159,16,0,3
BRDA:159,16,1,3
BRF:25
BRH:16
end_of_record
